<?xml version="1.0" encoding="UTF-8"?>
<testsuite xmlns:xsi="http://www.w3.org/2001/XMLSchema-instance" xsi:noNamespaceSchemaLocation="https://maven.apache.org/surefire/maven-surefire-plugin/xsd/surefire-test-report.xsd" name="ImmutablePropertyTest" time="0.032" tests="4" errors="0" skipped="0" failures="0">
  <properties>
[...]
</properties>
  <testcase name="prop_delegate_property_same_as_object" classname="ImmutablePropertyTest" time="0.007"/>
  <testcase name="empty_property" classname="ImmutablePropertyTest" time="0.002"/>
  <testcase name="Test_property_same_as_primative" classname="ImmutablePropertyTest" time="0.007"/>
  <testcase name="delegate_property_same_as_object" classname="ImmutablePropertyTest" time="0.002"/>
</testsuite>